Determining if the pthread_create exist failed with the following output:
Change Dir: /home/decorus/Dropbox/CSC/Practice/I/se_engine/google_test/googletest/CMakeFiles/CMakeTmp

Run Build Command:/usr/bin/make "cmTryCompileExec1252357883/fast"
/usr/bin/make -f CMakeFiles/cmTryCompileExec1252357883.dir/build.make CMakeFiles/cmTryCompileExec1252357883.dir/build
make[1]: Entering directory `/home/decorus/Dropbox/CSC/Practice/I/se_engine/google_test/googletest/CMakeFiles/CMakeTmp'
/usr/bin/cmake -E cmake_progress_report /home/decorus/Dropbox/CSC/Practice/I/se_engine/google_test/googletest/CMakeFiles/CMakeTmp/CMakeFiles 1
Building C object CMakeFiles/cmTryCompileExec1252357883.dir/CheckSymbolExists.c.o
/usr/bin/cc    -o CMakeFiles/cmTryCompileExec1252357883.dir/CheckSymbolExists.c.o   -c /home/decorus/Dropbox/CSC/Practice/I/se_engine/google_test/googletest/CMakeFiles/CMakeTmp/CheckSymbolExists.c
Linking C executable cmTryCompileExec1252357883
/usr/bin/cmake -E cmake_link_script CMakeFiles/cmTryCompileExec1252357883.dir/link.txt --verbose=1
/usr/bin/cc       CMakeFiles/cmTryCompileExec1252357883.dir/CheckSymbolExists.c.o  -o cmTryCompileExec1252357883 -rdynamic 
CMakeFiles/cmTryCompileExec1252357883.dir/CheckSymbolExists.c.o: In function `main':
CheckSymbolExists.c:(.text+0x16): undefined reference to `pthread_create'
collect2: error: ld returned 1 exit status
make[1]: Leaving directory `/home/decorus/Dropbox/CSC/Practice/I/se_engine/google_test/googletest/CMakeFiles/CMakeTmp'
make[1]: *** [cmTryCompileExec1252357883] Error 1
make: *** [cmTryCompileExec1252357883/fast] Error 2

File /home/decorus/Dropbox/CSC/Practice/I/se_engine/google_test/googletest/CMakeFiles/CMakeTmp/CheckSymbolExists.c:
/* */
#include <pthread.h>

int main(int argc, char** argv)
{
  (void)argv;
#ifndef pthread_create
  return ((int*)(&pthread_create))[argc];
#else
  (void)argc;
  return 0;
#endif
}

Determining if the function pthread_create exists in the pthreads failed with the following output:
Change Dir: /home/decorus/Dropbox/CSC/Practice/I/se_engine/google_test/googletest/CMakeFiles/CMakeTmp

Run Build Command:/usr/bin/make "cmTryCompileExec3765674220/fast"
/usr/bin/make -f CMakeFiles/cmTryCompileExec3765674220.dir/build.make CMakeFiles/cmTryCompileExec3765674220.dir/build
make[1]: Entering directory `/home/decorus/Dropbox/CSC/Practice/I/se_engine/google_test/googletest/CMakeFiles/CMakeTmp'
/usr/bin/cmake -E cmake_progress_report /home/decorus/Dropbox/CSC/Practice/I/se_engine/google_test/googletest/CMakeFiles/CMakeTmp/CMakeFiles 1
Building C object CMakeFiles/cmTryCompileExec3765674220.dir/CheckFunctionExists.c.o
/usr/bin/cc   -DCHECK_FUNCTION_EXISTS=pthread_create   -o CMakeFiles/cmTryCompileExec3765674220.dir/CheckFunctionExists.c.o   -c /usr/share/cmake-2.8/Modules/CheckFunctionExists.c
Linking C executable cmTryCompileExec3765674220
/usr/bin/cmake -E cmake_link_script CMakeFiles/cmTryCompileExec3765674220.dir/link.txt --verbose=1
/usr/bin/cc   -DCHECK_FUNCTION_EXISTS=pthread_create    CMakeFiles/cmTryCompileExec3765674220.dir/CheckFunctionExists.c.o  -o cmTryCompileExec3765674220 -rdynamic -lpthreads 
/usr/bin/ld: cannot find -lpthreads
collect2: error: ld returned 1 exit status
make[1]: Leaving directory `/home/decorus/Dropbox/CSC/Practice/I/se_engine/google_test/googletest/CMakeFiles/CMakeTmp'
make[1]: *** [cmTryCompileExec3765674220] Error 1
make: *** [cmTryCompileExec3765674220/fast] Error 2


